<?xml version="1.0" encoding="UTF-8"?>
<!-- Generated by org.testng.reporters.JUnitXMLReporter -->
<testsuite ignored="1" hostname="AMB01262.local" failures="0" tests="1" name="Chrome Test(failed)" time="6.771" errors="0" timestamp="05 Jul 2020 15:46:52 GMT">
  <testcase classname="demo.com.qa.testcases.CraterAppTest" name="dashBoardLanding" time="0.009"/>
  <testcase classname="demo.com.qa.testcases.CraterAppTest" name="craterLogin" time="0.0">
    <ignored/>
  </testcase> <!-- craterLogin -->
</testsuite> <!-- Chrome Test(failed) -->
